# JRE version: OpenJDK Runtime Environment (21.0.2+13) (build 21.0.2+13-58)
# Java VM: OpenJDK 64-Bit Server VM (21.0.2+13-58, mixed mode, emulated-client, sharing, tiered, compressed oops, compressed class ptrs, g1 gc, windows-amd64)
GC Precious Log:
 CardTable entry size: 512
 Card Set container configuration: InlinePtr #cards 4 size 8 Array Of Cards #cards 32 size 80 Howl #buckets 8 coarsen threshold 7372 Howl Bitmap #cards 1024 size 144 coarsen threshold 921 Card regions per heap region 1 cards per card region 8192
 CPUs: 16 total, 16 available
 Memory: 32249M
 Large Page Support: Disabled
 NUMA Support: Disabled
 Compressed Oops: Enabled (Zero based)
 Heap Region Size: 4M
 Heap Min Capacity: 8M
 Heap Initial Capacity: 504M
 Heap Max Capacity: 8064M
 Pre-touch: Disabled
 Parallel Workers: 13
 Concurrent Workers: 3
 Concurrent Refinement Workers: 13
 Periodic GC: Disabled
Heap:
 garbage-first heap   total 438272K, used 171329K [0x0000000608000000, 0x0000000800000000)
  region size 4096K, 17 young (69632K), 4 survivors (16384K)
 Metaspace       used 130315K, committed 132032K, reserved 1179648K
  class space    used 18653K, committed 19456K, reserved 1048576K
GC Heap History (20 events):
Event: 7.303 GC heap before
{Heap before GC invocations=19 (full 0):
 garbage-first heap   total 315392K, used 220120K [0x0000000608000000, 0x0000000800000000)
  region size 4096K, 46 young (188416K), 6 survivors (24576K)
 Metaspace       used 90662K, committed 91584K, reserved 1179648K
  class space    used 13133K, committed 13504K, reserved 1048576K
}
Event: 7.315 GC heap after
{Heap after GC invocations=20 (full 0):
 garbage-first heap   total 315392K, used 86574K [0x0000000608000000, 0x0000000800000000)
  region size 4096K, 6 young (24576K), 6 survivors (24576K)
 Metaspace       used 90662K, committed 91584K, reserved 1179648K
  class space    used 13133K, committed 13504K, reserved 1048576K
}
Event: 7.892 GC heap before
{Heap before GC invocations=20 (full 0):
 garbage-first heap   total 315392K, used 250414K [0x0000000608000000, 0x0000000800000000)
  region size 4096K, 46 young (188416K), 6 survivors (24576K)
 Metaspace       used 92139K, committed 93056K, reserved 1179648K
  class space    used 13437K, committed 13824K, reserved 1048576K
}
Event: 7.899 GC heap after
{Heap after GC invocations=21 (full 0):
 garbage-first heap   total 315392K, used 100229K [0x0000000608000000, 0x0000000800000000)
  region size 4096K, 3 young (12288K), 3 survivors (12288K)
 Metaspace       used 92139K, committed 93056K, reserved 1179648K
  class space    used 13437K, committed 13824K, reserved 1048576K
}
Event: 8.068 GC heap before
{Heap before GC invocations=21 (full 0):
 garbage-first heap   total 315392K, used 259973K [0x0000000608000000, 0x0000000800000000)
  region size 4096K, 42 young (172032K), 3 survivors (12288K)
 Metaspace       used 92139K, committed 93056K, reserved 1179648K
  class space    used 13437K, committed 13824K, reserved 1048576K
}
Event: 8.083 GC heap after
{Heap after GC invocations=22 (full 0):
 garbage-first heap   total 331776K, used 157214K [0x0000000608000000, 0x0000000800000000)
  region size 4096K, 6 young (24576K), 6 survivors (24576K)
 Metaspace       used 92139K, committed 93056K, reserved 1179648K
  class space    used 13437K, committed 13824K, reserved 1048576K
}
Event: 8.230 GC heap before
{Heap before GC invocations=23 (full 0):
 garbage-first heap   total 331776K, used 267806K [0x0000000608000000, 0x0000000800000000)
  region size 4096K, 33 young (135168K), 6 survivors (24576K)
 Metaspace       used 92161K, committed 93120K, reserved 1179648K
  class space    used 13443K, committed 13888K, reserved 1048576K
}
Event: 8.237 GC heap after
{Heap after GC invocations=24 (full 0):
 garbage-first heap   total 331776K, used 166515K [0x0000000608000000, 0x0000000800000000)
  region size 4096K, 2 young (8192K), 2 survivors (8192K)
 Metaspace       used 92161K, committed 93120K, reserved 1179648K
  class space    used 13443K, committed 13888K, reserved 1048576K
}
Event: 9.256 GC heap before
{Heap before GC invocations=24 (full 0):
 garbage-first heap   total 331776K, used 277107K [0x0000000608000000, 0x0000000800000000)
  region size 4096K, 29 young (118784K), 2 survivors (8192K)
 Metaspace       used 98380K, committed 99584K, reserved 1179648K
  class space    used 14443K, committed 15040K, reserved 1048576K
}
Event: 9.261 GC heap after
{Heap after GC invocations=25 (full 0):
 garbage-first heap   total 446464K, used 148238K [0x0000000608000000, 0x0000000800000000)
  region size 4096K, 3 young (12288K), 3 survivors (12288K)
 Metaspace       used 98380K, committed 99584K, reserved 1179648K
  class space    used 14443K, committed 15040K, reserved 1048576K
}
Event: 11.119 GC heap before
{Heap before GC invocations=25 (full 0):
 garbage-first heap   total 446464K, used 340750K [0x0000000608000000, 0x0000000800000000)
  region size 4096K, 50 young (204800K), 3 survivors (12288K)
 Metaspace       used 122966K, committed 124352K, reserved 1179648K
  class space    used 17446K, committed 18112K, reserved 1048576K
}
Event: 11.127 GC heap after
{Heap after GC invocations=26 (full 0):
 garbage-first heap   total 446464K, used 158411K [0x0000000608000000, 0x0000000800000000)
  region size 4096K, 6 young (24576K), 6 survivors (24576K)
 Metaspace       used 122966K, committed 124352K, reserved 1179648K
  class space    used 17446K, committed 18112K, reserved 1048576K
}
Event: 11.272 GC heap before
{Heap before GC invocations=26 (full 0):
 garbage-first heap   total 446464K, used 162507K [0x0000000608000000, 0x0000000800000000)
  region size 4096K, 8 young (32768K), 6 survivors (24576K)
 Metaspace       used 123349K, committed 124800K, reserved 1179648K
  class space    used 17505K, committed 18176K, reserved 1048576K
}
Event: 11.279 GC heap after
{Heap after GC invocations=27 (full 0):
 garbage-first heap   total 446464K, used 159082K [0x0000000608000000, 0x0000000800000000)
  region size 4096K, 3 young (12288K), 3 survivors (12288K)
 Metaspace       used 123349K, committed 124800K, reserved 1179648K
  class space    used 17505K, committed 18176K, reserved 1048576K
}
Event: 48.929 GC heap before
{Heap before GC invocations=28 (full 0):
 garbage-first heap   total 446464K, used 232810K [0x0000000608000000, 0x0000000800000000)
  region size 4096K, 22 young (90112K), 3 survivors (12288K)
 Metaspace       used 129413K, committed 131072K, reserved 1179648K
  class space    used 18483K, committed 19264K, reserved 1048576K
}
Event: 48.938 GC heap after
{Heap after GC invocations=29 (full 0):
 garbage-first heap   total 446464K, used 162028K [0x0000000608000000, 0x0000000800000000)
  region size 4096K, 4 young (16384K), 4 survivors (16384K)
 Metaspace       used 129413K, committed 131072K, reserved 1179648K
  class space    used 18483K, committed 19264K, reserved 1048576K
}
Event: 118.351 GC heap before
{Heap before GC invocations=30 (full 0):
 garbage-first heap   total 438272K, used 190700K [0x0000000608000000, 0x0000000800000000)
  region size 4096K, 22 young (90112K), 4 survivors (16384K)
 Metaspace       used 130134K, committed 131840K, reserved 1179648K
  class space    used 18608K, committed 19392K, reserved 1048576K
}
Event: 118.362 GC heap after
{Heap after GC invocations=31 (full 0):
 garbage-first heap   total 438272K, used 122195K [0x0000000608000000, 0x0000000800000000)
  region size 4096K, 4 young (16384K), 4 survivors (16384K)
 Metaspace       used 130134K, committed 131840K, reserved 1179648K
  class space    used 18608K, committed 19392K, reserved 1048576K
}
Event: 520.928 GC heap before
{Heap before GC invocations=32 (full 0):
 garbage-first heap   total 438272K, used 367955K [0x0000000608000000, 0x0000000800000000)
  region size 4096K, 64 young (262144K), 4 survivors (16384K)
 Metaspace       used 130306K, committed 132032K, reserved 1179648K
  class space    used 18649K, committed 19456K, reserved 1048576K
}
Event: 520.944 GC heap after
{Heap after GC invocations=33 (full 0):
 garbage-first heap   total 438272K, used 122177K [0x0000000608000000, 0x0000000800000000)
  region size 4096K, 4 young (16384K), 4 survivors (16384K)
 Metaspace       used 130306K, committed 132032K, reserved 1179648K
  class space    used 18649K, committed 19456K, reserved 1048576K
}

